1681894185.359643 client started (182): version 3.1c, socket /tmp//tmux-1000/default, protocol 8
1681894185.359656 on Linux 5.15.90.1-microsoft-standard-WSL2 #1 SMP Fri Jan 27 02:56:13 UTC 2023; libevent 2.1.12-stable (poll)
1681894185.359663 socket is /tmp//tmux-1000/default
1681894185.359669 trying connect
1681894185.359677 connect failed: No such file or directory
1681894185.359681 lock file is /tmp//tmux-1000/default.lock
1681894185.359694 flock succeeded
1681894185.359695 got lock (6)
1681894185.359698 trying connect
1681894185.359701 connect failed: No such file or directory
1681894185.359785 add peer 0x557ae40210b0: 7 ((nil))
1681894185.359835 sending message 100 to peer 0x557ae40210b0 (4 bytes)
1681894185.359839 sending message 101 to peer 0x557ae40210b0 (15 bytes)
1681894185.359841 sending message 102 to peer 0x557ae40210b0 (11 bytes)
1681894185.359843 sending message 108 to peer 0x557ae40210b0 (25 bytes)
1681894185.359845 sending message 104 to peer 0x557ae40210b0 (0 bytes)
1681894185.359847 sending message 107 to peer 0x557ae40210b0 (4 bytes)
1681894185.359849 sending message 105 to peer 0x557ae40210b0 (16 bytes)
1681894185.359858 sending message 105 to peer 0x557ae40210b0 (24 bytes)
1681894185.359860 sending message 105 to peer 0x557ae40210b0 (23 bytes)
1681894185.359861 sending message 105 to peer 0x557ae40210b0 (48 bytes)
1681894185.359863 sending message 105 to peer 0x557ae40210b0 (21 bytes)
1681894185.359865 sending message 105 to peer 0x557ae40210b0 (29 bytes)
1681894185.359867 sending message 105 to peer 0x557ae40210b0 (13 bytes)
1681894185.359869 sending message 105 to peer 0x557ae40210b0 (16 bytes)
1681894185.359871 sending message 105 to peer 0x557ae40210b0 (17 bytes)
1681894185.359872 sending message 105 to peer 0x557ae40210b0 (31 bytes)
1681894185.359874 sending message 105 to peer 0x557ae40210b0 (1519 bytes)
1681894185.359880 sending message 105 to peer 0x557ae40210b0 (26 bytes)
1681894185.359882 sending message 105 to peer 0x557ae40210b0 (20 bytes)
1681894185.359884 sending message 105 to peer 0x557ae40210b0 (10 bytes)
1681894185.359885 sending message 105 to peer 0x557ae40210b0 (11 bytes)
1681894185.359887 sending message 105 to peer 0x557ae40210b0 (8 bytes)
1681894185.359889 sending message 105 to peer 0x557ae40210b0 (36 bytes)
1681894185.359891 sending message 105 to peer 0x557ae40210b0 (38 bytes)
1681894185.359893 sending message 105 to peer 0x557ae40210b0 (33 bytes)
1681894185.359895 sending message 105 to peer 0x557ae40210b0 (394 bytes)
1681894185.359897 sending message 105 to peer 0x557ae40210b0 (16 bytes)
1681894185.359899 sending message 105 to peer 0x557ae40210b0 (40 bytes)
1681894185.359901 sending message 105 to peer 0x557ae40210b0 (53 bytes)
1681894185.359903 sending message 105 to peer 0x557ae40210b0 (16 bytes)
1681894185.359905 sending message 105 to peer 0x557ae40210b0 (27 bytes)
1681894185.359906 sending message 106 to peer 0x557ae40210b0 (0 bytes)
1681894185.359908 sending message 200 to peer 0x557ae40210b0 (4 bytes)
1681894185.359910 client loop enter
1681894185.384150 peer 0x557ae40210b0 message 207
1681894185.384161 sending message 208 to peer 0x557ae40210b0 (0 bytes)
1681894189.188260 peer 0x557ae40210b0 message 203
1681894189.188269 sending message 205 to peer 0x557ae40210b0 (0 bytes)
1681894189.188499 peer 0x557ae40210b0 message 204
1681894189.188507 client loop exit
